<?xml version="1.0" encoding="UTF-8"?>
<!-- Generated by org.testng.reporters.JUnitXMLReporter -->
<testsuite ignored="0" hostname="DESKTOP-TUKDI5Q" failures="0" tests="7" name="ChromeBrowserTesting" time="63.805" errors="0" timestamp="2024-09-02T23:19:28 LINT">
  <testcase classname="pageTest.ProductPageTest" name="gotocartWithFirstProduct" time="7.973"/>
  <testcase classname="pageTest.ProductPageTest" name="varifyCartLogo" time="0.439"/>
  <testcase classname="pageTest.ProductPageTest" name="verifyaddtocartProduct" time="0.545"/>
  <testcase classname="pageTest.LoginPageTest" name="LoginTest" time="3.419"/>
  <testcase classname="pageTest.LoginPageTest" name="verifyLog" time="0.046"/>
  <testcase classname="pageTest.LoginPageTest" name="verifyLoginButton" time="0.046"/>
  <testcase classname="pageTest.LoginPageTest" name="verifyTitle" time="0.02"/>
</testsuite> <!-- ChromeBrowserTesting -->
