<?xml version="1.0" encoding="UTF-8"?>
<!-- Generated by org.testng.reporters.JUnitXMLReporter -->
<testsuite ignored="0" hostname="DESKTOP-TUKDI5Q" failures="0" tests="7" name="FireFoxBrowserTesting" time="139.328" errors="0" timestamp="2024-09-02T23:21:47 LINT">
  <testcase classname="pageTest.ProductPageTest" name="gotocartWithFirstProduct" time="9.372"/>
  <testcase classname="pageTest.ProductPageTest" name="varifyCartLogo" time="0.648"/>
  <testcase classname="pageTest.ProductPageTest" name="verifyaddtocartProduct" time="1.614"/>
  <testcase classname="pageTest.LoginPageTest" name="LoginTest" time="4.266"/>
  <testcase classname="pageTest.LoginPageTest" name="verifyLog" time="0.058"/>
  <testcase classname="pageTest.LoginPageTest" name="verifyLoginButton" time="0.062"/>
  <testcase classname="pageTest.LoginPageTest" name="verifyTitle" time="0.016"/>
</testsuite> <!-- FireFoxBrowserTesting -->
