<?xml version="1.0" encoding="UTF-8"?>
<!-- Generated by org.testng.reporters.JUnitXMLReporter -->
<testsuite ignored="1" hostname="DESKTOP-TUKDI5Q" failures="0" tests="19" name="Test_All" time="382.601" errors="0" timestamp="2024-09-02T21:09:16 LINT">
  <testcase classname="pageTest.ProductPageTest" name="gotocartWithFirstProduct" time="10.248"/>
  <testcase classname="pageTest.ProductPageTest" name="varifyCartLogo" time="1.424"/>
  <testcase classname="pageTest.ProductPageTest" name="verifyaddtocartProduct" time="1.899"/>
  <testcase classname="pageTest.LoginPageTest" name="verifyLog" time="0.124"/>
  <testcase classname="pageTest.LoginPageTest" name="verifyTitle" time="0.01"/>
  <testcase classname="pageTest.LoginPageTest" name="LoginTest" time="4.341"/>
  <testcase classname="pageTest.LoginPageTest" name="LoginTest1" time="4.124"/>
  <testcase classname="pageTest.LoginPageTest" name="LoginTest1" time="3.812"/>
  <testcase classname="pageTest.LoginPageTest" name="LoginTest1" time="4.042"/>
  <testcase classname="pageTest.LoginPageTest" name="LoginTest1" time="3.795"/>
  <testcase classname="pageTest.LoginPageTest" name="LoginTest1" time="3.647"/>
  <testcase classname="pageTest.CheckOutOverviewPageTest" name="clickfinishbutton" time="5.574"/>
  <testcase classname="pageTest.CheckOutOverviewPageTest" name="verifypaymentinfo" time="5.409"/>
  <testcase classname="pageTest.CheckOutOverviewPageTest" name="verifyshippinginfo" time="5.341"/>
  <testcase classname="pageTest.CartPageTest" name="proceedtocheckout" time="4.91"/>
  <testcase classname="pageTest.CartPageTest" name="verifycontinueshoppingbutton" time="4.849"/>
  <testcase classname="pageTest.CartPageTest" name="verifyremovebutton" time="4.756"/>
  <testcase classname="pageTest.ConfirmationPageTest" name="confirmPage" time="30.63"/>
  <testcase classname="pageTest.CheckOutPageTest" name="verifyInformation" time="5.521"/>
  <testcase classname="pageTest.LoginPageTest" name="verifyLoginButton" time="0.0">
    <ignored/>
  </testcase> <!-- verifyLoginButton -->
</testsuite> <!-- Test_All -->
