<?xml version="1.0" encoding="UTF-8"?>
<!-- Generated by org.testng.reporters.JUnitXMLReporter -->
<testsuite ignored="9" hostname="DESKTOP-TUKDI5Q" failures="0" tests="6" name="Test" time="57.2" errors="0" timestamp="2024-09-03T00:44:45 LINT">
  <testcase classname="pageTest.ProductPageTest" name="varifyCartLogo" time="7.794"/>
  <testcase classname="pageTest.LoginPageTest" name="LoginTest" time="4.092"/>
  <testcase classname="pageTest.LoginPageTest" name="verifyLog" time="0.045"/>
  <testcase classname="pageTest.LoginPageTest" name="verifyLoginButton" time="0.042"/>
  <testcase classname="pageTest.CheckOutOverviewPageTest" name="verifypaymentinfo" time="5.637"/>
  <testcase classname="pageTest.CartPageTest" name="verifyremovebutton" time="4.416"/>
  <testcase classname="pageTest.ProductPageTest" name="gotocartWithFirstProduct" time="0.0">
    <ignored/>
  </testcase> <!-- gotocartWithFirstProduct -->
  <testcase classname="pageTest.CheckOutOverviewPageTest" name="verifyshippinginfo" time="0.0">
    <ignored/>
  </testcase> <!-- verifyshippinginfo -->
  <testcase classname="pageTest.CartPageTest" name="verifycontinueshoppingbutton" time="0.0">
    <ignored/>
  </testcase> <!-- verifycontinueshoppingbutton -->
  <testcase classname="pageTest.CheckOutPageTest" name="verifyInformation" time="0.0">
    <ignored/>
  </testcase> <!-- verifyInformation -->
  <testcase classname="pageTest.ProductPageTest" name="verifyaddtocartProduct" time="0.0">
    <ignored/>
  </testcase> <!-- verifyaddtocartProduct -->
  <testcase classname="pageTest.LoginPageTest" name="verifyTitle" time="0.0">
    <ignored/>
  </testcase> <!-- verifyTitle -->
  <testcase classname="pageTest.ConfirmationPageTest" name="confirmPage" time="0.0">
    <ignored/>
  </testcase> <!-- confirmPage -->
  <testcase classname="pageTest.CheckOutOverviewPageTest" name="clickfinishbutton" time="0.0">
    <ignored/>
  </testcase> <!-- clickfinishbutton -->
  <testcase classname="pageTest.CartPageTest" name="proceedtocheckout" time="0.0">
    <ignored/>
  </testcase> <!-- proceedtocheckout -->
</testsuite> <!-- Test -->
