<?xml version="1.0" encoding="UTF-8"?>
<!-- Generated by org.testng.reporters.JUnitXMLReporter -->
<testsuite ignored="0" hostname="DESKTOP-TUKDI5Q" failures="0" tests="4" name="chromeTesting" time="65.014" errors="0" timestamp="2024-09-03T00:22:42 LINT">
  <testcase classname="pageTest.LoginPageTest" name="LoginTest" time="6.564"/>
  <testcase classname="pageTest.LoginPageTest" name="verifyLog" time="1.004"/>
  <testcase classname="pageTest.LoginPageTest" name="verifyLoginButton" time="0.051"/>
  <testcase classname="pageTest.LoginPageTest" name="verifyTitle" time="0.021"/>
</testsuite> <!-- chromeTesting -->
